=======================
Loading Anaconda Module...
=======================

============================== ENVIRONMENT VARIABLES ===============================
SLURM_CHECKPOINT_IMAGE_DIR=/var/slurm/checkpoint
SLURM_NODELIST=it04
SLURM_JOB_NAME=JupiterNotebook
MANPATH=/kuacc/apps/gcc/8.3.0/share/man:/kuacc/apps/gcc/8.3.0/man:/kuacc/apps/emacs/26.3/share/man:/kuacc/apps/julia/1.5.3/share/man:/usr/share/man:/usr/local/share/man
XDG_SESSION_ID=22925
SLURMD_NODENAME=it04
SLURM_TOPOLOGY_ADDR=it04
SLURM_NTASKS_PER_NODE=2
HOSTNAME=it04
SLURM_PRIO_PROCESS=0
SLURM_NODE_ALIASES=(null)
SHELL=/bin/bash
TERM=xterm
SLURM_JOB_QOS=users
HISTSIZE=1000
TMPDIR=/tmp
SLURM_TOPOLOGY_ADDR_PATTERN=node
SSH_CLIENT=172.24.6.139 65354 22
LIBRARY_PATH=/kuacc/apps/julia/1.5.3/lib:/usr/local/cuda-11.0/lib64:/usr/local/cuda-11.0/lib
QTDIR=/usr/lib64/qt-3.3
QTINC=/usr/lib64/qt-3.3/include
SSH_TTY=/dev/pts/35
SLURM_MEM_PER_CPU=12500
QT_GRAPHICSSYSTEM_CHECKED=1
SLURM_NNODES=1
USER=baristopal20
CUDA_HOME=/usr/local/cuda-11.0
LS_COLORS=rs=0:di=01;34:ln=01;36:mh=00:pi=40;33:so=01;35:do=01;35:bd=40;33;01:cd=40;33;01:or=40;31;01:mi=01;05;37;41:su=37;41:sg=30;43:ca=30;41:tw=30;42:ow=34;42:st=37;44:ex=01;32:*.tar=01;31:*.tgz=01;31:*.arc=01;31:*.arj=01;31:*.taz=01;31:*.lha=01;31:*.lz4=01;31:*.lzh=01;31:*.lzma=01;31:*.tlz=01;31:*.txz=01;31:*.tzo=01;31:*.t7z=01;31:*.zip=01;31:*.z=01;31:*.Z=01;31:*.dz=01;31:*.gz=01;31:*.lrz=01;31:*.lz=01;31:*.lzo=01;31:*.xz=01;31:*.bz2=01;31:*.bz=01;31:*.tbz=01;31:*.tbz2=01;31:*.tz=01;31:*.deb=01;31:*.rpm=01;31:*.jar=01;31:*.war=01;31:*.ear=01;31:*.sar=01;31:*.rar=01;31:*.alz=01;31:*.ace=01;31:*.zoo=01;31:*.cpio=01;31:*.7z=01;31:*.rz=01;31:*.cab=01;31:*.jpg=01;35:*.jpeg=01;35:*.gif=01;35:*.bmp=01;35:*.pbm=01;35:*.pgm=01;35:*.ppm=01;35:*.tga=01;35:*.xbm=01;35:*.xpm=01;35:*.tif=01;35:*.tiff=01;35:*.png=01;35:*.svg=01;35:*.svgz=01;35:*.mng=01;35:*.pcx=01;35:*.mov=01;35:*.mpg=01;35:*.mpeg=01;35:*.m2v=01;35:*.mkv=01;35:*.webm=01;35:*.ogm=01;35:*.mp4=01;35:*.m4v=01;35:*.mp4v=01;35:*.vob=01;35:*.qt=01;35:*.nuv=01;35:*.wmv=01;35:*.asf=01;35:*.rm=01;35:*.rmvb=01;35:*.flc=01;35:*.avi=01;35:*.fli=01;35:*.flv=01;35:*.gl=01;35:*.dl=01;35:*.xcf=01;35:*.xwd=01;35:*.yuv=01;35:*.cgm=01;35:*.emf=01;35:*.axv=01;35:*.anx=01;35:*.ogv=01;35:*.ogx=01;35:*.aac=01;36:*.au=01;36:*.flac=01;36:*.mid=01;36:*.midi=01;36:*.mka=01;36:*.mp3=01;36:*.mpc=01;36:*.ogg=01;36:*.ra=01;36:*.wav=01;36:*.axa=01;36:*.oga=01;36:*.spx=01;36:*.xspf=01;36:
LD_LIBRARY_PATH=/kuacc/apps/nnpack/latest/lib:/kuacc/apps/gcc/8.3.0/lib64:/kuacc/apps/gcc/8.3.0/lib:/kuacc/apps/emacs/26.3/libexec/emacs/26.3/x86_64-pc-linux-gnu/:/kuacc/apps/emacs/26.3/lib/systemd/user/:/kuacc/apps/julia/1.5.3/lib:/kuacc/apps/cudnn/v8.0.4_CUDA_11.0/lib64:/usr/local/cuda-11.0/lib64:/usr/local/cuda-11.0/lib
SLURM_JOBID=2041519
CPATH=/kuacc/apps/julia/1.5.3/include:/kuacc/apps/cudnn/v8.0.4_CUDA_11.0/include:/usr/local/cuda-11.0/include
SLURM_NTASKS=2
SLURM_TASKS_PER_NODE=2
PATH=/kuacc/apps/rclone/1.51.0:/kuacc/apps/nnpack/latest/include/gtest:/kuacc/apps/nnpack/latest/include/fp16:/kuacc/apps/nnpack/latest/include/gmock:/kuacc/apps/nnpack/latest/include:/kuacc/apps/nnpack/latest:/kuacc/apps/gcc/8.3.0/libexec/gcc/x86_64-pc-linux-gnu/7:/kuacc/apps/gcc/8.3.0/bin:/kuacc/apps/emacs/26.3/share:/kuacc/apps/emacs/26.3/bin:/kuacc/apps/emacs/26.3:/kuacc/apps/julia/1.5.3/bin:/kuacc/apps/julia/1.5.3:/kuacc/apps/anaconda/3.6/bin:/kuacc/apps/anaconda/3.6:/usr/local/cuda-11.0/bin:/usr/lib64/qt-3.3/bin:/usr/local/bin:/usr/bin:/usr/local/sbin:/usr/sbin:/kuacc/apps/scripts:/kuacc/users/baristopal20/.local/bin:/kuacc/users/baristopal20/bin
MAIL=/var/spool/mail/baristopal20
SLURM_JOB_ID=2041519
SLURM_JOB_USER=baristopal20
PWD=/kuacc/users/baristopal20/retinaface
CUDA_VISIBLE_DEVICES=NoDevFiles
_LMFILES_=/kuacc/etc/mod/cuda/11.0:/kuacc/etc/mod/anaconda/3.6:/kuacc/etc/mod/cudnn/8.0.4/cuda-11.0:/kuacc/etc/mod/julia/latest:/kuacc/etc/mod/emacs/26.3:/kuacc/etc/mod/gcc/8.3.0:/kuacc/etc/mod/nnpack/latest:/kuacc/etc/mod/rclone/1.51.0
LANG=en_US.UTF-8
MODULEPATH=/kuacc/etc/mod
SLURM_JOB_UID=1072016
KDEDIRS=/usr
LOADEDMODULES=cuda/11.0:anaconda/3.6:cudnn/8.0.4/cuda-11.0:julia/latest:emacs/26.3:gcc/8.3.0:nnpack/latest:rclone/1.51.0
SLURM_NODEID=0
SLURM_SUBMIT_DIR=/scratch/users/baristopal20/retinaface
SLURM_TASK_PID=4762
SLURM_NPROCS=2
SLURM_CPUS_ON_NODE=2
SLURM_PROCID=0
ENVIRONMENT=BATCH
KRB5CCNAME=KEYRING:persistent:1072016
HISTCONTROL=ignoredups
SSH_ASKPASS=/usr/libexec/openssh/gnome-ssh-askpass
CXX=/kuacc/apps/gcc/8.3.0/bin/g++
SLURM_JOB_NODELIST=it04
HOME=/kuacc/users/baristopal20
SHLVL=2
SLURM_LOCALID=0
SLURM_JOB_GID=200513
SLURM_JOB_CPUS_PER_NODE=2
SLURM_CLUSTER_NAME=kuacc
SLURM_GTIDS=0
SLURM_SUBMIT_HOST=login02.kuacc.ku.edu.tr
GCC=/kuacc/apps/gcc/8.3.0/bin/gcc
SLURM_JOB_PARTITION=mid
LOGNAME=baristopal20
QTLIB=/usr/lib64/qt-3.3/lib
GPU_DEVICE_ORDINAL=NoDevFiles
SLURM_JOB_ACCOUNT=users
SSH_CONNECTION=172.24.6.139 65354 172.20.238.2 22
SLURM_JOB_NUM_NODES=1
MODULESHOME=/usr/share/Modules
LESSOPEN=||/usr/bin/lesspipe.sh %s
DISPLAY=localhost:13.0
XDG_RUNTIME_DIR=/run/user/1072016
CC=/kuacc/apps/gcc/8.3.0/bin/gcc
QT_PLUGIN_PATH=/usr/lib64/kde4/plugins:/usr/lib/kde4/plugins
BASH_FUNC_module()=() {  eval `/usr/bin/modulecmd bash $*`
}
_=/usr/bin/env
====================================================================================


Setting stack size to unlimited...
core file size          (blocks, -c) 0
data seg size           (kbytes, -d) unlimited
scheduling priority             (-e) 0
file size               (blocks, -f) unlimited
pending signals                 (-i) 2061408
max locked memory       (kbytes, -l) unlimited
max memory size         (kbytes, -m) 25600000
open files                      (-n) 51200
pipe size            (512 bytes, -p) 8
POSIX message queues     (bytes, -q) 819200
real-time priority              (-r) 0
stack size              (kbytes, -s) unlimited
cpu time               (seconds, -t) unlimited
max user processes              (-u) 4096
virtual memory          (kbytes, -v) unlimited
file locks                      (-x) unlimited


====================================================================================
 For more info and how to connect from windows, 
   see http://login.kuacc.ku.edu.tr/#h.p3tmxkpdxjsz

 Here is the MobaXterm info:

Forwarded port:same as remote port
Remote server: it04
Remote port: 6901
SSH server: login.kuacc.ku.edu.tr
SSH login: baristopal20
SSH port: 22

====================================================================================
 MacOS or linux terminal command to create your ssh tunnel on your local machine:

ssh -N -L 6901:it04:6901 baristopal20@login.kuacc.ku.edu.tr
====================================================================================

WAIT 1 MINUTE, WILL BE CONNECT ADDRESS APPEARS!


[I 14:35:44.041 NotebookApp] Writing notebook server cookie secret to /scratch/users/baristopal20/.local/share/jupyter/runtime/notebook_cookie_secret
[W 14:35:48.025 NotebookApp] WARNING: The notebook server is listening on all IP addresses and not using encryption. This is not recommended.
[I 14:35:48.131 NotebookApp] JupyterLab beta preview extension loaded from /kuacc/apps/anaconda/3.6/lib/python3.6/site-packages/jupyterlab
[I 14:35:48.131 NotebookApp] JupyterLab application directory is /scratch/kuacc/apps/anaconda/3.6/share/jupyter/lab
[I 14:35:48.153 NotebookApp] Serving notebooks from local directory: /scratch/users/baristopal20/retinaface
[I 14:35:48.154 NotebookApp] 0 active kernels
[I 14:35:48.154 NotebookApp] The Jupyter Notebook is running at:
[I 14:35:48.155 NotebookApp] http://[all ip addresses on your system]:6901/?token=a12c614c2e580a3d3b3ab67300a2bf1c97cdb205d3e44ada
[I 14:35:48.156 NotebookApp] Use Control-C to stop this server and shut down all kernels (twice to skip confirmation).
[C 14:35:48.173 NotebookApp] 
    
    Copy/paste this URL into your browser when you connect for the first time,
    to login with a token:
        http://localhost:6901/?token=a12c614c2e580a3d3b3ab67300a2bf1c97cdb205d3e44ada
[I 14:40:04.457 NotebookApp] 302 GET /?token=a12c614c2e580a3d3b3ab67300a2bf1c97cdb205d3e44ada (172.20.240.2) 0.53ms
[I 14:40:22.439 NotebookApp] Writing notebook-signing key to /scratch/users/baristopal20/.local/share/jupyter/notebook_secret
[W 14:40:22.456 NotebookApp] Notebook progress.ipynb is not trusted
[W 14:46:23.277 NotebookApp] Notebook progress.ipynb is not trusted
[W 14:46:23.283 NotebookApp] Trusting notebook /progress.ipynb
[I 14:48:32.788 NotebookApp] Saving file at /configs.jl
[I 14:49:25.642 NotebookApp] Saving file at /configs.jl
[I 14:49:27.688 NotebookApp] Saving file at /configs.jl
[I 14:50:18.517 NotebookApp] Saving file at /BBTNet/datasets/WIDERFACE.jl
[I 14:50:22.328 NotebookApp] Saving file at /BBTNet/datasets/WIDERFACE.jl
[I 14:50:46.630 NotebookApp] Saving file at /BBTNet/datasets/WIDERFACE.jl
[I 14:51:17.541 NotebookApp] Saving file at /configs.jl
[I 14:51:55.417 NotebookApp] Saving file at /train.jl
[I 14:52:07.020 NotebookApp] Saving file at /train.jl
[I 14:52:28.465 NotebookApp] Saving file at /predict.jl
[I 14:52:33.901 NotebookApp] Saving file at /predict.jl
[I 14:53:32.305 NotebookApp] Saving file at /configs.jl
[I 14:53:38.796 NotebookApp] Saving file at /configs.jl
[I 14:56:16.650 NotebookApp] Saving file at /configs.jl
[I 15:07:52.580 NotebookApp] Saving file at /setup.jl
[I 15:11:48.309 NotebookApp] Saving file at /setup.jl
[I 15:12:45.355 NotebookApp] Kernel started: 50ceba4a-2b79-4b2b-8b91-ae2190549ee9
[W 15:12:55.444 NotebookApp] Timeout waiting for kernel_info reply from 50ceba4a-2b79-4b2b-8b91-ae2190549ee9
[I 15:13:03.410 NotebookApp] Adapting to protocol v5.0 for kernel 50ceba4a-2b79-4b2b-8b91-ae2190549ee9
[I 15:13:24.466 NotebookApp] Saving file at /progress.ipynb
[I 15:14:45.287 NotebookApp] Saving file at /progress.ipynb
[I 15:19:31.890 NotebookApp] Saving file at /setup.jl
[I 15:20:25.946 NotebookApp] Saving file at /BBTNet/utils/ImageReader.jl
[I 15:22:43.767 NotebookApp] Starting buffering for 50ceba4a-2b79-4b2b-8b91-ae2190549ee9:1450af4580f54da588d877333d8e81df
[I 15:24:44.570 NotebookApp] Saving file at /progress.ipynb
[I 15:27:07.912 NotebookApp] Saving file at /BBTNet/utils/ImageReader.jl
[I 15:29:43.550 NotebookApp] Saving file at /BBTNet/utils/augment.jl
[I 15:29:55.822 NotebookApp] Saving file at /BBTNet/utils/augment.jl
[I 15:38:07.721 NotebookApp] Saving file at /setup.jl
[I 15:43:49.758 NotebookApp] Saving file at /BBTNet/utils/box_processes.jl
[I 15:46:09.553 NotebookApp] Saving file at /BBTNet/utils/box_processes.jl
[I 15:48:13.672 NotebookApp] Saving file at /BBTNet/models/retinaface.jl
[I 15:55:36.910 NotebookApp] Saving file at /BBTNet/datasets/WIDERFACE.jl
[I 15:55:58.503 NotebookApp] Saving file at /BBTNet/datasets/WIDERFACE.jl
[I 15:57:23.803 NotebookApp] Saving file at /BBTNet/utils/augment.jl
[I 15:57:36.171 NotebookApp] Saving file at /BBTNet/utils/augment.jl
[I 15:58:37.424 NotebookApp] Saving file at /BBTNet/utils/augment.jl
[I 15:59:30.708 NotebookApp] Saving file at /BBTNet/utils/augment.jl
[I 16:00:09.636 NotebookApp] Saving file at /BBTNet/utils/augment.jl
[I 16:00:30.446 NotebookApp] Saving file at /BBTNet/utils/augment.jl
[I 16:00:41.057 NotebookApp] Saving file at /BBTNet/utils/augment.jl
[I 16:00:48.948 NotebookApp] Saving file at /BBTNet/utils/augment.jl
[I 16:01:13.925 NotebookApp] Saving file at /BBTNet/utils/augment.jl
[I 16:02:14.641 NotebookApp] Saving file at /BBTNet/utils/augment.jl
[I 16:03:43.753 NotebookApp] Saving file at /BBTNet/utils/augment.jl
[I 16:05:58.676 NotebookApp] Saving file at /BBTNet/utils/augment.jl
[I 16:07:59.773 NotebookApp] Saving file at /BBTNet/utils/augment.jl
[I 16:08:06.068 NotebookApp] Saving file at /BBTNet/utils/augment.jl
[I 16:08:15.570 NotebookApp] Saving file at /BBTNet/utils/augment.jl
[I 16:08:26.602 NotebookApp] Saving file at /BBTNet/utils/augment.jl
[I 16:09:45.372 NotebookApp] Saving file at /BBTNet/utils/augment.jl
[I 16:10:33.086 NotebookApp] Saving file at /BBTNet/utils/augment.jl
[I 16:10:44.292 NotebookApp] Saving file at /BBTNet/utils/augment.jl
[I 16:12:27.615 NotebookApp] Saving file at /BBTNet/utils/augment.jl
[I 16:12:29.549 NotebookApp] Saving file at /BBTNet/utils/augment.jl
[I 16:14:57.690 NotebookApp] Saving file at /BBTNet/utils/augment.jl
[I 16:15:00.134 NotebookApp] Saving file at /BBTNet/utils/augment.jl
[I 16:15:09.926 NotebookApp] Saving file at /BBTNet/utils/augment.jl
[I 16:15:16.338 NotebookApp] Saving file at /BBTNet/utils/augment.jl
[I 16:15:43.890 NotebookApp] Saving file at /BBTNet/utils/augment.jl
[I 16:24:31.564 NotebookApp] Saving file at /BBTNet/utils/augment.jl
[I 16:26:24.766 NotebookApp] Saving file at /BBTNet/utils/augment.jl
[I 16:26:38.635 NotebookApp] Saving file at /BBTNet/utils/box_processes.jl
[I 16:27:37.075 NotebookApp] Saving file at /BBTNet/utils/ImageReader.jl
[I 16:28:24.995 NotebookApp] Saving file at /BBTNet/utils/ImageReader.jl
[I 16:28:57.188 NotebookApp] Saving file at /BBTNet/utils/ImageReader.jl
[I 16:29:11.533 NotebookApp] Saving file at /BBTNet/utils/ImageReader.jl
[W 16:29:18.616 NotebookApp] delete /BBTNet/utils/augment.jl
[I 16:29:27.835 NotebookApp] Saving file at /BBTNet/utils/ImageReader.jl
[I 16:33:44.115 NotebookApp] Saving file at /BBTNet/utils/ImageReader.jl
[I 16:38:31.697 NotebookApp] Saving file at /progress.ipynb
[I 16:38:35.050 NotebookApp] Saving file at /progress.ipynb
[I 16:39:40.862 NotebookApp] Saving file at /progress.ipynb
[I 16:40:45.132 NotebookApp] Saving file at /progress.ipynb
[I 16:41:43.705 NotebookApp] Saving file at /progress.ipynb
[I 16:42:28.960 NotebookApp] Saving file at /progress.ipynb
[I 16:42:45.150 NotebookApp] Saving file at /progress.ipynb
[I 16:44:46.323 NotebookApp] Saving file at /progress.ipynb
[I 16:48:06.932 NotebookApp] Saving file at /BBTNet/datasets/WIDERFACE.jl
[I 16:49:52.576 NotebookApp] Saving file at /BBTNet/datasets/WIDERFACE.jl
[I 16:52:55.445 NotebookApp] Saving file at /BBTNet/utils/ImageReader.jl
[I 16:57:23.625 NotebookApp] Saving file at /BBTNet/datasets/WIDERFACE.jl
[I 16:58:02.019 NotebookApp] Saving file at /BBTNet/utils/ImageReader.jl
[I 16:58:24.744 NotebookApp] Saving file at /BBTNet/utils/ImageReader.jl
[I 16:58:35.921 NotebookApp] Saving file at /BBTNet/utils/ImageReader.jl
[I 16:58:57.603 NotebookApp] Saving file at /BBTNet/utils/ImageReader.jl
[I 16:59:22.391 NotebookApp] Saving file at /BBTNet/utils/ImageReader.jl
[I 17:00:07.792 NotebookApp] Saving file at /BBTNet/utils/ImageReader.jl
[I 17:00:41.031 NotebookApp] Saving file at /BBTNet/utils/ImageReader.jl
[I 17:02:00.477 NotebookApp] Saving file at /BBTNet/utils/ImageReader.jl
[I 17:02:11.715 NotebookApp] Saving file at /BBTNet/utils/ImageReader.jl
[I 17:03:30.551 NotebookApp] Saving file at /BBTNet/utils/ImageReader.jl
[I 17:03:52.555 NotebookApp] Saving file at /BBTNet/utils/ImageReader.jl
[I 17:03:55.058 NotebookApp] Saving file at /BBTNet/utils/ImageReader.jl
[I 17:04:14.888 NotebookApp] Saving file at /BBTNet/utils/ImageReader.jl
[I 17:04:24.372 NotebookApp] Saving file at /BBTNet/utils/ImageReader.jl
[I 17:04:47.966 NotebookApp] Saving file at /BBTNet/utils/ImageReader.jl
[I 17:04:55.752 NotebookApp] Saving file at /BBTNet/utils/box_processes.jl
[I 17:05:32.120 NotebookApp] Saving file at /BBTNet/utils/draw.jl
[I 17:07:08.254 NotebookApp] Saving file at /BBTNet/utils/ImageReader.jl
[I 17:08:00.655 NotebookApp] Saving file at /BBTNet/utils/ImageReader.jl
[I 17:08:15.521 NotebookApp] Saving file at /BBTNet/utils/ImageReader.jl
[I 17:08:18.195 NotebookApp] Saving file at /BBTNet/utils/ImageReader.jl
[I 17:08:53.118 NotebookApp] Saving file at /BBTNet/utils/ImageReader.jl
[I 17:09:31.065 NotebookApp] Saving file at /BBTNet/utils/ImageReader.jl
[I 17:10:07.274 NotebookApp] Saving file at /BBTNet/utils/ImageReader.jl
[I 17:10:41.496 NotebookApp] Saving file at /BBTNet/utils/ImageReader.jl
[I 17:11:17.408 NotebookApp] Saving file at /BBTNet/utils/ImageReader.jl
[I 17:11:31.834 NotebookApp] Saving file at /BBTNet/utils/ImageReader.jl
[I 17:13:45.881 NotebookApp] Saving file at /BBTNet/utils/ImageReader.jl
[I 17:14:56.201 NotebookApp] Saving file at /BBTNet/utils/ImageReader.jl
[I 17:17:13.930 NotebookApp] Saving file at /BBTNet/utils/ImageReader.jl
[I 17:18:45.928 NotebookApp] Saving file at /progress.ipynb
[I 17:20:33.411 NotebookApp] Saving file at /BBTNet/utils/ImageReader.jl
[I 17:20:46.691 NotebookApp] Saving file at /progress.ipynb
[I 17:21:23.342 NotebookApp] Saving file at /BBTNet/utils/ImageReader.jl
[I 17:22:14.988 NotebookApp] Saving file at /BBTNet/utils/ImageReader.jl
[I 17:22:46.200 NotebookApp] Saving file at /progress.ipynb
[I 17:24:28.419 NotebookApp] Saving file at /BBTNet/datasets/WIDERFACE.jl
[I 17:26:40.723 NotebookApp] Saving file at /BBTNet/utils/ImageReader.jl
[I 17:27:20.605 NotebookApp] Saving file at /BBTNet/utils/ImageReader.jl
[I 17:28:31.354 NotebookApp] Saving file at /BBTNet/utils/ImageReader.jl
[I 17:28:51.275 NotebookApp] Saving file at /BBTNet/datasets/WIDERFACE.jl
[I 17:30:34.490 NotebookApp] Saving file at /BBTNet/models/retinaface.jl
[I 17:50:48.108 NotebookApp] Saving file at /BBTNet/models/retinaface.jl
[I 17:51:03.076 NotebookApp] Saving file at /BBTNet/models/retinaface.jl
[I 17:51:03.271 NotebookApp] Saving file at /BBTNet/models/retinaface.jl
[I 17:52:00.124 NotebookApp] Saving file at /BBTNet/models/retinaface.jl
[I 17:53:51.538 NotebookApp] Saving file at /BBTNet/models/retinaface.jl
[I 17:54:09.553 NotebookApp] Saving file at /BBTNet/models/retinaface.jl
[I 17:56:10.510 NotebookApp] Saving file at /BBTNet/models/retinaface.jl
[I 17:56:15.510 NotebookApp] Saving file at /BBTNet/models/retinaface.jl
[I 17:57:02.975 NotebookApp] Saving file at /BBTNet/utils/ImageReader.jl
[I 18:04:37.977 NotebookApp] Saving file at /BBTNet/models/retinaface.jl
[I 18:04:43.461 NotebookApp] Saving file at /BBTNet/models/retinaface.jl
[I 18:04:54.612 NotebookApp] Saving file at /BBTNet/models/retinaface.jl
[I 18:05:02.965 NotebookApp] Saving file at /BBTNet/models/retinaface.jl
[I 18:06:32.436 NotebookApp] Saving file at /BBTNet/models/retinaface.jl
[I 18:06:38.270 NotebookApp] Saving file at /BBTNet/models/retinaface.jl
[I 18:08:46.115 NotebookApp] Saving file at /BBTNet/models/retinaface.jl
[I 18:10:47.347 NotebookApp] Saving file at /BBTNet/models/retinaface.jl
[I 18:11:00.047 NotebookApp] Saving file at /BBTNet/models/retinaface.jl
[I 18:14:01.013 NotebookApp] Saving file at /BBTNet/models/retinaface.jl
[I 18:18:00.365 NotebookApp] Saving file at /BBTNet/models/retinaface.jl
[I 18:21:04.901 NotebookApp] Saving file at /BBTNet/datasets/WIDERFACE.jl
[I 18:21:19.088 NotebookApp] Saving file at /BBTNet/models/retinaface.jl
[I 18:21:28.339 NotebookApp] Saving file at /BBTNet/models/retinaface.jl
[I 18:23:53.886 NotebookApp] Saving file at /BBTNet/models/retinaface.jl
[I 18:26:04.285 NotebookApp] Saving file at /BBTNet/utils/ImageReader.jl
[I 18:31:05.362 NotebookApp] Saving file at /BBTNet/utils/box_processes.jl
[I 18:35:07.940 NotebookApp] Saving file at /BBTNet/utils/box_processes.jl
[I 18:35:17.870 NotebookApp] Saving file at /BBTNet/utils/box_processes.jl
[I 18:40:00.132 NotebookApp] Saving file at /BBTNet/utils/box_processes.jl
[I 18:40:20.401 NotebookApp] Saving file at /BBTNet/utils/box_processes.jl
[I 18:40:25.786 NotebookApp] Saving file at /BBTNet/models/retinaface.jl
[I 18:40:41.058 NotebookApp] Saving file at /BBTNet/models/retinaface.jl
[I 18:44:52.146 NotebookApp] Saving file at /BBTNet/models/retinaface.jl
[I 18:56:06.491 NotebookApp] Saving file at /BBTNet/models/retinaface.jl
[I 18:56:42.537 NotebookApp] Saving file at /BBTNet/models/retinaface.jl
[I 18:57:19.598 NotebookApp] Saving file at /BBTNet/models/retinaface.jl
[I 18:57:21.952 NotebookApp] Saving file at /BBTNet/models/retinaface.jl
[I 19:00:32.699 NotebookApp] Saving file at /BBTNet/models/retinaface.jl
[I 19:02:53.526 NotebookApp] Saving file at /BBTNet/utils/box_processes.jl
[I 19:07:55.109 NotebookApp] Saving file at /train.jl
[I 19:08:20.644 NotebookApp] Saving file at /BBTNet/models/retinaface.jl
[I 19:12:47.967 NotebookApp] Saving file at /train.jl
[I 19:13:29.814 NotebookApp] Saving file at /BBTNet/models/retinaface.jl
[I 19:18:11.844 NotebookApp] Saving file at /BBTNet/core/losses.jl
[I 19:18:23.313 NotebookApp] Saving file at /BBTNet/core/losses.jl
[I 19:34:36.771 NotebookApp] Saving file at /BBTNet/core/losses.jl
[I 19:34:59.238 NotebookApp] Saving file at /train.jl
[I 19:35:21.627 NotebookApp] Saving file at /BBTNet/models/retinaface.jl
[I 19:35:36.542 NotebookApp] Saving file at /BBTNet/models/retinaface.jl
[I 19:35:42.677 NotebookApp] Saving file at /BBTNet/models/retinaface.jl
[I 19:39:19.141 NotebookApp] Saving file at /BBTNet/core/losses.jl
[I 19:40:01.376 NotebookApp] Saving file at /BBTNet/core/losses.jl
[I 19:40:21.920 NotebookApp] Saving file at /BBTNet/core/losses.jl
[I 19:48:18.375 NotebookApp] Saving file at /BBTNet/core/losses.jl
[I 19:48:26.675 NotebookApp] Saving file at /BBTNet/core/losses.jl
[I 19:48:36.993 NotebookApp] Saving file at /BBTNet/core/losses.jl
[I 19:50:37.026 NotebookApp] Saving file at /train.jl
[I 19:53:21.049 NotebookApp] Saving file at /BBTNet/core/losses.jl
[I 19:53:34.364 NotebookApp] Saving file at /BBTNet/core/losses.jl
[I 19:53:40.205 NotebookApp] Saving file at /BBTNet/core/losses.jl
[I 19:53:51.235 NotebookApp] Saving file at /BBTNet/core/losses.jl
[I 19:54:05.361 NotebookApp] Saving file at /BBTNet/core/losses.jl
[I 19:54:16.918 NotebookApp] Saving file at /BBTNet/core/losses.jl
[I 19:57:09.995 NotebookApp] Saving file at /BBTNet/core/losses.jl
[I 19:57:33.141 NotebookApp] Saving file at /BBTNet/core/losses.jl
[I 19:58:57.678 NotebookApp] Starting buffering for 50ceba4a-2b79-4b2b-8b91-ae2190549ee9:ca09048bff244df8966604cafb217c54
slurmstepd: error: *** JOB 2041519 ON it04 CANCELLED AT 2020-12-13T19:59:36 ***
[C 19:59:36.422 NotebookApp] received signal 15, stopping
